[2017-03-24 23:45:29,182] TRACE Controller 0 epoch 33 sending UpdateMetadata request (Leader:-2,ISR:0,LeaderEpoch:0,ControllerEpoch:33) to brokers Set(0) for partition postcliente-0 (state.change.logger)
[2017-03-24 23:45:29,347] TRACE Broker 0 deleted partition postcliente-0 from metadata cache in response to UpdateMetadata request sent by controller 0 epoch 33 with correlation id 11 (state.change.logger)
[2017-03-24 23:45:29,396] TRACE Controller 0 epoch 33 received response {error_code=0} for a request sent to broker localhost:9092 (id: 0 rack: null) (state.change.logger)
[2017-03-24 23:45:29,446] TRACE Controller 0 epoch 33 changed state of replica 0 for partition [postcliente,0] from OnlineReplica to OfflineReplica (state.change.logger)
[2017-03-24 23:45:29,447] TRACE Controller 0 epoch 33 changed state of replica 0 for partition [postcliente,0] from OfflineReplica to ReplicaDeletionStarted (state.change.logger)
[2017-03-24 23:45:29,448] TRACE Broker 0 handling stop replica (delete=false) for partition postcliente-0 (state.change.logger)
[2017-03-24 23:45:29,448] TRACE Broker 0 finished handling stop replica (delete=false) for partition postcliente-0 (state.change.logger)
[2017-03-24 23:45:29,448] TRACE Controller 0 epoch 33 received response {error_code=0,partitions=[{topic=postcliente,partition=0,error_code=0}]} for a request sent to broker localhost:9092 (id: 0 rack: null) (state.change.logger)
[2017-03-24 23:45:29,450] TRACE Controller 0 epoch 33 received response {error_code=0,partitions=[]} for a request sent to broker localhost:9092 (id: 0 rack: null) (state.change.logger)
[2017-03-24 23:45:29,450] TRACE Broker 0 handling stop replica (delete=true) for partition postcliente-0 (state.change.logger)
[2017-03-24 23:45:31,314] TRACE Broker 0 finished handling stop replica (delete=true) for partition postcliente-0 (state.change.logger)
[2017-03-24 23:45:31,316] TRACE Controller 0 epoch 33 received response {error_code=0,partitions=[{topic=postcliente,partition=0,error_code=0}]} for a request sent to broker localhost:9092 (id: 0 rack: null) (state.change.logger)
[2017-03-24 23:45:31,319] TRACE Controller 0 epoch 33 changed state of replica 0 for partition [postcliente,0] from ReplicaDeletionStarted to ReplicaDeletionSuccessful (state.change.logger)
[2017-03-24 23:45:31,320] TRACE Controller 0 epoch 33 changed state of replica 0 for partition [postcliente,0] from ReplicaDeletionSuccessful to NonExistentReplica (state.change.logger)
[2017-03-24 23:45:31,321] TRACE Controller 0 epoch 33 changed partition [postcliente,0] state from OnlinePartition to OfflinePartition (state.change.logger)
[2017-03-24 23:45:31,321] TRACE Controller 0 epoch 33 changed partition [postcliente,0] state from OfflinePartition to NonExistentPartition (state.change.logger)
[2017-03-24 23:46:25,487] TRACE Controller 0 epoch 33 changed partition [postcliente,0] state from NonExistentPartition to NewPartition with assigned replicas 0 (state.change.logger)
[2017-03-24 23:46:25,493] TRACE Controller 0 epoch 33 changed state of replica 0 for partition [postcliente,0] from NonExistentReplica to NewReplica (state.change.logger)
[2017-03-24 23:46:25,539] TRACE Controller 0 epoch 33 changed partition [postcliente,0] from NewPartition to OnlinePartition with leader 0 (state.change.logger)
[2017-03-24 23:46:25,539] TRACE Controller 0 epoch 33 sending become-leader LeaderAndIsr request (Leader:0,ISR:0,LeaderEpoch:0,ControllerEpoch:33) to broker 0 for partition [postcliente,0] (state.change.logger)
[2017-03-24 23:46:25,539] TRACE Controller 0 epoch 33 sending UpdateMetadata request (Leader:0,ISR:0,LeaderEpoch:0,ControllerEpoch:33) to brokers Set(0) for partition postcliente-0 (state.change.logger)
[2017-03-24 23:46:25,540] TRACE Controller 0 epoch 33 changed state of replica 0 for partition [postcliente,0] from NewReplica to OnlineReplica (state.change.logger)
[2017-03-24 23:46:25,540] TRACE Broker 0 received LeaderAndIsr request PartitionState(controllerEpoch=33, leader=0, leaderEpoch=0, isr=[0], zkVersion=0, replicas=[0]) correlation id 15 from controller 0 epoch 33 for partition [postcliente,0] (state.change.logger)
[2017-03-24 23:46:25,542] TRACE Broker 0 handling LeaderAndIsr request correlationId 15 from controller 0 epoch 33 starting the become-leader transition for partition postcliente-0 (state.change.logger)
[2017-03-24 23:46:25,693] TRACE Broker 0 stopped fetchers as part of become-leader request from controller 0 epoch 33 with correlation id 15 for partition postcliente-0 (state.change.logger)
[2017-03-24 23:46:25,694] TRACE Broker 0 completed LeaderAndIsr request correlationId 15 from controller 0 epoch 33 for the become-leader transition for partition postcliente-0 (state.change.logger)
[2017-03-24 23:46:25,695] TRACE Controller 0 epoch 33 received response {error_code=0,partitions=[{topic=postcliente,partition=0,error_code=0}]} for a request sent to broker localhost:9092 (id: 0 rack: null) (state.change.logger)
[2017-03-24 23:46:25,699] TRACE Broker 0 cached leader info (LeaderAndIsrInfo:(Leader:0,ISR:0,LeaderEpoch:0,ControllerEpoch:33),ReplicationFactor:1),AllReplicas:0) for partition postcliente-0 in response to UpdateMetadata request sent by controller 0 epoch 33 with correlation id 16 (state.change.logger)
[2017-03-24 23:46:25,699] TRACE Controller 0 epoch 33 received response {error_code=0} for a request sent to broker localhost:9092 (id: 0 rack: null) (state.change.logger)
